{"C:\\Users\\vinic\\Desktop\\workspace\\ref-counter\\src\\App.tsx": {"path":"C:\\Users\\vinic\\Desktop\\workspace\\ref-counter\\src\\App.tsx","all":false,"statementMap":{"0":{"start":{"line":1,"column":0},"end":{"line":1,"column":27}},"1":{"start":{"line":2,"column":0},"end":{"line":2,"column":39}},"2":{"start":{"line":3,"column":0},"end":{"line":3,"column":47}},"3":{"start":{"line":4,"column":0},"end":{"line":4,"column":0}},"4":{"start":{"line":5,"column":0},"end":{"line":5,"column":45}},"5":{"start":{"line":6,"column":0},"end":{"line":6,"column":10}},"6":{"start":{"line":7,"column":0},"end":{"line":7,"column":6}},"7":{"start":{"line":8,"column":0},"end":{"line":8,"column":33}},"8":{"start":{"line":9,"column":0},"end":{"line":9,"column":7}},"9":{"start":{"line":10,"column":0},"end":{"line":10,"column":4}},"10":{"start":{"line":11,"column":0},"end":{"line":11,"column":2}},"11":{"start":{"line":12,"column":0},"end":{"line":12,"column":0}},"12":{"start":{"line":13,"column":0},"end":{"line":13,"column":19}}},"s":{"0":1,"1":1,"2":1,"3":1,"4":1,"5":4,"6":4,"7":4,"8":4,"9":4,"10":4,"11":1,"12":1},"branchMap":{"0":{"type":"branch","line":5,"loc":{"start":{"line":5,"column":27},"end":{"line":11,"column":2}},"locations":[{"start":{"line":5,"column":27},"end":{"line":11,"column":2}}]}},"b":{"0":[4]},"fnMap":{"0":{"name":"App","decl":{"start":{"line":5,"column":27},"end":{"line":11,"column":2}},"loc":{"start":{"line":5,"column":27},"end":{"line":11,"column":2}},"line":5}},"f":{"0":4}}
,"C:\\Users\\vinic\\Desktop\\workspace\\ref-counter\\src\\components\\Timer.tsx": {"path":"C:\\Users\\vinic\\Desktop\\workspace\\ref-counter\\src\\components\\Timer.tsx","all":false,"statementMap":{"0":{"start":{"line":1,"column":0},"end":{"line":1,"column":56}},"1":{"start":{"line":2,"column":0},"end":{"line":2,"column":48}},"2":{"start":{"line":3,"column":0},"end":{"line":3,"column":0}},"3":{"start":{"line":4,"column":0},"end":{"line":4,"column":47}},"4":{"start":{"line":5,"column":0},"end":{"line":5,"column":50}},"5":{"start":{"line":6,"column":0},"end":{"line":6,"column":44}},"6":{"start":{"line":7,"column":0},"end":{"line":7,"column":0}},"7":{"start":{"line":8,"column":0},"end":{"line":8,"column":34}},"8":{"start":{"line":9,"column":0},"end":{"line":9,"column":0}},"9":{"start":{"line":10,"column":0},"end":{"line":10,"column":29}},"10":{"start":{"line":11,"column":0},"end":{"line":11,"column":22}},"11":{"start":{"line":12,"column":0},"end":{"line":12,"column":22}},"12":{"start":{"line":13,"column":0},"end":{"line":13,"column":43}},"13":{"start":{"line":14,"column":0},"end":{"line":14,"column":17}},"14":{"start":{"line":15,"column":0},"end":{"line":15,"column":14}},"15":{"start":{"line":16,"column":0},"end":{"line":16,"column":24}},"16":{"start":{"line":17,"column":0},"end":{"line":17,"column":7}},"17":{"start":{"line":18,"column":0},"end":{"line":18,"column":7}},"18":{"start":{"line":19,"column":0},"end":{"line":19,"column":4}},"19":{"start":{"line":20,"column":0},"end":{"line":20,"column":0}},"20":{"start":{"line":21,"column":0},"end":{"line":21,"column":19}},"21":{"start":{"line":22,"column":0},"end":{"line":22,"column":57}},"22":{"start":{"line":23,"column":0},"end":{"line":23,"column":0}},"23":{"start":{"line":24,"column":0},"end":{"line":24,"column":52}},"24":{"start":{"line":25,"column":0},"end":{"line":25,"column":9}},"25":{"start":{"line":26,"column":0},"end":{"line":26,"column":0}},"26":{"start":{"line":27,"column":0},"end":{"line":27,"column":29}},"27":{"start":{"line":28,"column":0},"end":{"line":28,"column":17}},"28":{"start":{"line":29,"column":0},"end":{"line":29,"column":41}},"29":{"start":{"line":30,"column":0},"end":{"line":30,"column":12}},"30":{"start":{"line":31,"column":0},"end":{"line":31,"column":59}},"31":{"start":{"line":32,"column":0},"end":{"line":32,"column":5}},"32":{"start":{"line":33,"column":0},"end":{"line":33,"column":30}},"33":{"start":{"line":34,"column":0},"end":{"line":34,"column":4}},"34":{"start":{"line":35,"column":0},"end":{"line":35,"column":0}},"35":{"start":{"line":36,"column":0},"end":{"line":36,"column":10}},"36":{"start":{"line":37,"column":0},"end":{"line":37,"column":9}},"37":{"start":{"line":38,"column":0},"end":{"line":38,"column":48}},"38":{"start":{"line":39,"column":0},"end":{"line":39,"column":62}},"39":{"start":{"line":40,"column":0},"end":{"line":40,"column":33}},"40":{"start":{"line":41,"column":0},"end":{"line":41,"column":15}},"41":{"start":{"line":42,"column":0},"end":{"line":42,"column":10}},"42":{"start":{"line":43,"column":0},"end":{"line":43,"column":4}},"43":{"start":{"line":44,"column":0},"end":{"line":44,"column":2}},"44":{"start":{"line":45,"column":0},"end":{"line":45,"column":0}},"45":{"start":{"line":46,"column":0},"end":{"line":46,"column":21}}},"s":{"0":1,"1":1,"2":1,"3":1,"4":8,"5":8,"6":8,"7":8,"8":8,"9":8,"10":25,"11":25,"12":5,"13":5,"14":25,"15":20,"16":20,"17":25,"18":25,"19":8,"20":8,"21":4,"22":4,"23":4,"24":8,"25":8,"26":8,"27":1,"28":1,"29":1,"30":0,"31":0,"32":1,"33":1,"34":8,"35":8,"36":8,"37":8,"38":8,"39":8,"40":8,"41":8,"42":8,"43":8,"44":1,"45":1},"branchMap":{"0":{"type":"branch","line":4,"loc":{"start":{"line":4,"column":29},"end":{"line":44,"column":2}},"locations":[{"start":{"line":4,"column":29},"end":{"line":44,"column":2}}]},"1":{"type":"branch","line":40,"loc":{"start":{"line":40,"column":9},"end":{"line":40,"column":25}},"locations":[{"start":{"line":40,"column":9},"end":{"line":40,"column":25}}]},"2":{"type":"branch","line":40,"loc":{"start":{"line":40,"column":17},"end":{"line":40,"column":32}},"locations":[{"start":{"line":40,"column":17},"end":{"line":40,"column":32}}]},"3":{"type":"branch","line":10,"loc":{"start":{"line":10,"column":22},"end":{"line":19,"column":4}},"locations":[{"start":{"line":10,"column":22},"end":{"line":19,"column":4}}]},"4":{"type":"branch","line":11,"loc":{"start":{"line":11,"column":11},"end":{"line":18,"column":7}},"locations":[{"start":{"line":11,"column":11},"end":{"line":18,"column":7}}]},"5":{"type":"branch","line":12,"loc":{"start":{"line":12,"column":21},"end":{"line":15,"column":13}},"locations":[{"start":{"line":12,"column":21},"end":{"line":15,"column":13}}]},"6":{"type":"branch","line":15,"loc":{"start":{"line":15,"column":6},"end":{"line":17,"column":7}},"locations":[{"start":{"line":15,"column":6},"end":{"line":17,"column":7}}]},"7":{"type":"branch","line":21,"loc":{"start":{"line":21,"column":12},"end":{"line":25,"column":5}},"locations":[{"start":{"line":21,"column":12},"end":{"line":25,"column":5}}]},"8":{"type":"branch","line":24,"loc":{"start":{"line":24,"column":11},"end":{"line":24,"column":52}},"locations":[{"start":{"line":24,"column":11},"end":{"line":24,"column":52}}]},"9":{"type":"branch","line":27,"loc":{"start":{"line":27,"column":22},"end":{"line":34,"column":4}},"locations":[{"start":{"line":27,"column":22},"end":{"line":34,"column":4}}]},"10":{"type":"branch","line":30,"loc":{"start":{"line":30,"column":4},"end":{"line":32,"column":5}},"locations":[{"start":{"line":30,"column":4},"end":{"line":32,"column":5}}]},"11":{"type":"branch","line":33,"loc":{"start":{"line":33,"column":13},"end":{"line":33,"column":30}},"locations":[{"start":{"line":33,"column":13},"end":{"line":33,"column":30}}]}},"b":{"0":[8],"1":[1],"2":[7],"3":[25],"4":[25],"5":[5],"6":[20],"7":[4],"8":[4],"9":[1],"10":[0],"11":[1]},"fnMap":{"0":{"name":"Timer","decl":{"start":{"line":4,"column":29},"end":{"line":44,"column":2}},"loc":{"start":{"line":4,"column":29},"end":{"line":44,"column":2}},"line":4},"1":{"name":"decreaseNum","decl":{"start":{"line":10,"column":22},"end":{"line":19,"column":4}},"loc":{"start":{"line":10,"column":22},"end":{"line":19,"column":4}},"line":10},"2":{"name":"handleClick","decl":{"start":{"line":27,"column":22},"end":{"line":34,"column":4}},"loc":{"start":{"line":27,"column":22},"end":{"line":34,"column":4}},"line":27}},"f":{"0":8,"1":25,"2":1}}
}
