TN:
SF:src\App.tsx
FN:5,App
FNF:1
FNH:1
FNDA:4,App
DA:1,1
DA:2,1
DA:3,1
DA:4,1
DA:5,1
DA:6,4
DA:7,4
DA:8,4
DA:9,4
DA:10,4
DA:11,4
DA:12,1
DA:13,1
LF:13
LH:13
BRDA:5,0,0,4
BRF:1
BRH:1
end_of_record
TN:
SF:src\components\Timer.tsx
FN:4,Timer
FN:10,decreaseNum
FN:27,handleClick
FNF:3
FNH:3
FNDA:8,Timer
FNDA:25,decreaseNum
FNDA:1,handleClick
DA:1,1
DA:2,1
DA:3,1
DA:4,1
DA:5,8
DA:6,8
DA:7,8
DA:8,8
DA:9,8
DA:10,8
DA:11,25
DA:12,25
DA:13,5
DA:14,5
DA:15,25
DA:16,20
DA:17,20
DA:18,25
DA:19,25
DA:20,8
DA:21,8
DA:22,4
DA:23,4
DA:24,4
DA:25,8
DA:26,8
DA:27,8
DA:28,1
DA:29,1
DA:30,1
DA:31,0
DA:32,0
DA:33,1
DA:34,1
DA:35,8
DA:36,8
DA:37,8
DA:38,8
DA:39,8
DA:40,8
DA:41,8
DA:42,8
DA:43,8
DA:44,8
DA:45,1
DA:46,1
LF:46
LH:44
BRDA:4,0,0,8
BRDA:40,1,0,1
BRDA:40,2,0,7
BRDA:10,3,0,25
BRDA:11,4,0,25
BRDA:12,5,0,5
BRDA:15,6,0,20
BRDA:21,7,0,4
BRDA:24,8,0,4
BRDA:27,9,0,1
BRDA:30,10,0,0
BRDA:33,11,0,1
BRF:12
BRH:11
end_of_record
